12:01 moussaka  : ih
12:02 moussaka  : hi
12:04 moussaka  : hi
12:04 moussaka  : gih
12:04 moussaka  : HI
12:07 moussaka  : hi\
12:08 moussaka  : hi
12:10 moussaka  : hi
12:10 moussaka  : hi
12:10 moussaka  : hi
12:10 moussaka  : hi
12:11 moussaka  : hi
12:11 moussaka  : hi
12:12 moussaka  : io
12:14 moussaka  : hi
12:14 moussaka  : hi
12:20 moussaka  : hi
12:20 moussaka  : hi
12:22 moussaka  : hi
12:22 moussaka  : hi
12:22 moussaka  : hi
12:23 moussaka  : hi
12:23 moussaka  : hi
12:23 moussaka  : hi
